[junction_report]
id = j1
time = 1
queues = 

[junction_report]
id = j2
time = 1
queues = (r1,green,[]),(r3,red,[])

[junction_report]
id = j3
time = 1
queues = (r2,green:1,[])
type = mc

[junction_report]
id = j4
time = 1
queues = 

[road_report]
id = r1
time = 1
type = lanes
state = (v1,11)

[road_report]
id = r2
time = 1
type = dirt
state = 

[road_report]
id = r3
time = 1
state = 

[vehicle_report]
id = v1
time = 1
speed = 11
kilometrage = 11
faulty = 0
location = (r1,11)

[junction_report]
id = j1
time = 2
queues = 

[junction_report]
id = j2
time = 2
queues = (r1,red,[]),(r3,green,[])

[junction_report]
id = j3
time = 2
queues = (r2,green:0,[])
type = mc

[junction_report]
id = j4
time = 2
queues = 

[road_report]
id = r1
time = 2
type = lanes
state = (v1,22)

[road_report]
id = r2
time = 2
type = dirt
state = 

[road_report]
id = r3
time = 2
state = 

[vehicle_report]
id = v1
time = 2
speed = 11
kilometrage = 22
faulty = 0
location = (r1,22)

[junction_report]
id = j1
time = 3
queues = 

[junction_report]
id = j2
time = 3
queues = (r1,green,[]),(r3,red,[])

[junction_report]
id = j3
time = 3
queues = (r2,green:1,[])
type = mc

[junction_report]
id = j4
time = 3
queues = 

[road_report]
id = r1
time = 3
type = lanes
state = (v1,22)

[road_report]
id = r2
time = 3
type = dirt
state = 

[road_report]
id = r3
time = 3
state = 

[vehicle_report]
id = v1
time = 3
speed = 0
kilometrage = 22
faulty = 2
location = (r1,22)

[junction_report]
id = j1
time = 4
queues = 

[junction_report]
id = j2
time = 4
queues = (r1,red,[]),(r3,green,[])

[junction_report]
id = j3
time = 4
queues = (r2,green:0,[])
type = mc

[junction_report]
id = j4
time = 4
queues = 

[road_report]
id = r1
time = 4
type = lanes
state = (v1,22)

[road_report]
id = r2
time = 4
type = dirt
state = 

[road_report]
id = r3
time = 4
state = 

[vehicle_report]
id = v1
time = 4
speed = 0
kilometrage = 22
faulty = 1
location = (r1,22)

[junction_report]
id = j1
time = 5
queues = 

[junction_report]
id = j2
time = 5
queues = (r1,green,[]),(r3,red,[])

[junction_report]
id = j3
time = 5
queues = (r2,green:1,[])
type = mc

[junction_report]
id = j4
time = 5
queues = 

[road_report]
id = r1
time = 5
type = lanes
state = (v1,22)

[road_report]
id = r2
time = 5
type = dirt
state = 

[road_report]
id = r3
time = 5
state = 

[vehicle_report]
id = v1
time = 5
speed = 0
kilometrage = 22
faulty = 0
location = (r1,22)

[junction_report]
id = j1
time = 6
queues = 

[junction_report]
id = j2
time = 6
queues = (r1,red,[]),(r3,green,[])

[junction_report]
id = j3
time = 6
queues = (r2,green:0,[])
type = mc

[junction_report]
id = j4
time = 6
queues = 

[road_report]
id = r1
time = 6
type = lanes
state = (v1,33)

[road_report]
id = r2
time = 6
type = dirt
state = 

[road_report]
id = r3
time = 6
state = 

[vehicle_report]
id = v1
time = 6
speed = 11
kilometrage = 33
faulty = 0
location = (r1,33)

[junction_report]
id = j1
time = 7
queues = 

[junction_report]
id = j2
time = 7
queues = (r1,green,[]),(r3,red,[])

[junction_report]
id = j3
time = 7
queues = (r2,green:1,[])
type = mc

[junction_report]
id = j4
time = 7
queues = 

[road_report]
id = r1
time = 7
type = lanes
state = (v1,44)

[road_report]
id = r2
time = 7
type = dirt
state = 

[road_report]
id = r3
time = 7
state = 

[vehicle_report]
id = v1
time = 7
speed = 11
kilometrage = 44
faulty = 0
location = (r1,44)

[junction_report]
id = j1
time = 8
queues = 

[junction_report]
id = j2
time = 8
queues = (r1,red,[]),(r3,green,[])

[junction_report]
id = j3
time = 8
queues = (r2,green:0,[])
type = mc

[junction_report]
id = j4
time = 8
queues = 

[road_report]
id = r1
time = 8
type = lanes
state = (v1,55)

[road_report]
id = r2
time = 8
type = dirt
state = 

[road_report]
id = r3
time = 8
state = 

[vehicle_report]
id = v1
time = 8
speed = 11
kilometrage = 55
faulty = 0
location = (r1,55)

[junction_report]
id = j1
time = 9
queues = 

[junction_report]
id = j2
time = 9
queues = (r1,green,[]),(r3,red,[])

[junction_report]
id = j3
time = 9
queues = (r2,green:1,[])
type = mc

[junction_report]
id = j4
time = 9
queues = 

[road_report]
id = r1
time = 9
type = lanes
state = (v1,66)

[road_report]
id = r2
time = 9
type = dirt
state = 

[road_report]
id = r3
time = 9
state = 

[vehicle_report]
id = v1
time = 9
speed = 11
kilometrage = 66
faulty = 0
location = (r1,66)

[junction_report]
id = j1
time = 10
queues = 

[junction_report]
id = j2
time = 10
queues = (r1,red,[]),(r3,green,[])

[junction_report]
id = j3
time = 10
queues = (r2,green:0,[])
type = mc

[junction_report]
id = j4
time = 10
queues = 

[road_report]
id = r1
time = 10
type = lanes
state = (v1,77)

[road_report]
id = r2
time = 10
type = dirt
state = 

[road_report]
id = r3
time = 10
state = 

[vehicle_report]
id = v1
time = 10
speed = 11
kilometrage = 77
faulty = 0
location = (r1,77)

